# JRE version: OpenJDK Runtime Environment Temurin-17.0.4+8 (17.0.4+8) (build 17.0.4+8)
# Java VM: OpenJDK 64-Bit Server VM Temurin-17.0.4+8 (17.0.4+8, mixed mode, tiered, compressed oops, compressed class ptrs, parallel gc, windows-amd64)
GC Precious Log:
 CPUs: 8 total, 8 available
 Memory: 16348M
 Large Page Support: Disabled
 NUMA Support: Disabled
 Compressed Oops: Enabled (32-bit)
 Alignments: Space 512K, Generation 512K, Heap 2M
 Heap Min Capacity: 100M
 Heap Initial Capacity: 100M
 Heap Max Capacity: 1G
 Pre-touch: Disabled
 Parallel Workers: 8
Heap:
 PSYoungGen      total 21504K, used 4376K [0x00000000eab00000, 0x00000000ec200000, 0x0000000100000000)
  eden space 19968K, 16% used [0x00000000eab00000,0x00000000eae34148,0x00000000ebe80000)
  from space 1536K, 71% used [0x00000000ec080000,0x00000000ec1920f8,0x00000000ec200000)
  to   space 1536K, 0% used [0x00000000ebe80000,0x00000000ebe80000,0x00000000ec000000)
 ParOldGen       total 68608K, used 25694K [0x00000000c0000000, 0x00000000c4300000, 0x00000000eab00000)
  object space 68608K, 37% used [0x00000000c0000000,0x00000000c1917968,0x00000000c4300000)
 Metaspace       used 44550K, committed 45312K, reserved 1089536K
  class space    used 4500K, committed 4864K, reserved 1048576K
GC Heap History (20 events):
Event: 7.614 GC heap before
{Heap before GC invocations=11 (full 1):
 PSYoungGen      total 26624K, used 26525K [0x00000000eab00000, 0x00000000ec880000, 0x0000000100000000)
  eden space 23040K, 100% used [0x00000000eab00000,0x00000000ec180000,0x00000000ec180000)
  from space 3584K, 97% used [0x00000000ec200000,0x00000000ec567430,0x00000000ec580000)
  to   space 3072K, 0% used [0x00000000ec580000,0x00000000ec580000,0x00000000ec880000)
 ParOldGen       total 68608K, used 10445K [0x00000000c0000000, 0x00000000c4300000, 0x00000000eab00000)
  object space 68608K, 15% used [0x00000000c0000000,0x00000000c0a336c0,0x00000000c4300000)
 Metaspace       used 34635K, committed 35264K, reserved 1081344K
  class space    used 3517K, committed 3776K, reserved 1048576K
}
Event: 7.617 GC heap after
{Heap after GC invocations=11 (full 1):
 PSYoungGen      total 23552K, used 3040K [0x00000000eab00000, 0x00000000ece00000, 0x0000000100000000)
  eden space 20480K, 0% used [0x00000000eab00000,0x00000000eab00000,0x00000000ebf00000)
  from space 3072K, 98% used [0x00000000ec580000,0x00000000ec878010,0x00000000ec880000)
  to   space 6656K, 0% used [0x00000000ebf00000,0x00000000ebf00000,0x00000000ec580000)
 ParOldGen       total 68608K, used 13405K [0x00000000c0000000, 0x00000000c4300000, 0x00000000eab00000)
  object space 68608K, 19% used [0x00000000c0000000,0x00000000c0d17580,0x00000000c4300000)
 Metaspace       used 34635K, committed 35264K, reserved 1081344K
  class space    used 3517K, committed 3776K, reserved 1048576K
}
Event: 7.669 GC heap before
{Heap before GC invocations=12 (full 1):
 PSYoungGen      total 23552K, used 23520K [0x00000000eab00000, 0x00000000ece00000, 0x0000000100000000)
  eden space 20480K, 100% used [0x00000000eab00000,0x00000000ebf00000,0x00000000ebf00000)
  from space 3072K, 98% used [0x00000000ec580000,0x00000000ec878010,0x00000000ec880000)
  to   space 6656K, 0% used [0x00000000ebf00000,0x00000000ebf00000,0x00000000ec580000)
 ParOldGen       total 68608K, used 13405K [0x00000000c0000000, 0x00000000c4300000, 0x00000000eab00000)
  object space 68608K, 19% used [0x00000000c0000000,0x00000000c0d17580,0x00000000c4300000)
 Metaspace       used 34635K, committed 35264K, reserved 1081344K
  class space    used 3517K, committed 3776K, reserved 1048576K
}
Event: 7.673 GC heap after
{Heap after GC invocations=12 (full 1):
 PSYoungGen      total 23040K, used 2336K [0x00000000eab00000, 0x00000000ec700000, 0x0000000100000000)
  eden space 20480K, 0% used [0x00000000eab00000,0x00000000eab00000,0x00000000ebf00000)
  from space 2560K, 91% used [0x00000000ebf00000,0x00000000ec148000,0x00000000ec180000)
  to   space 4096K, 0% used [0x00000000ec300000,0x00000000ec300000,0x00000000ec700000)
 ParOldGen       total 68608K, used 16485K [0x00000000c0000000, 0x00000000c4300000, 0x00000000eab00000)
  object space 68608K, 24% used [0x00000000c0000000,0x00000000c10197a0,0x00000000c4300000)
 Metaspace       used 34635K, committed 35264K, reserved 1081344K
  class space    used 3517K, committed 3776K, reserved 1048576K
}
Event: 7.723 GC heap before
{Heap before GC invocations=13 (full 1):
 PSYoungGen      total 23040K, used 22816K [0x00000000eab00000, 0x00000000ec700000, 0x0000000100000000)
  eden space 20480K, 100% used [0x00000000eab00000,0x00000000ebf00000,0x00000000ebf00000)
  from space 2560K, 91% used [0x00000000ebf00000,0x00000000ec148000,0x00000000ec180000)
  to   space 4096K, 0% used [0x00000000ec300000,0x00000000ec300000,0x00000000ec700000)
 ParOldGen       total 68608K, used 16485K [0x00000000c0000000, 0x00000000c4300000, 0x00000000eab00000)
  object space 68608K, 24% used [0x00000000c0000000,0x00000000c10197a0,0x00000000c4300000)
 Metaspace       used 34635K, committed 35264K, reserved 1081344K
  class space    used 3517K, committed 3776K, reserved 1048576K
}
Event: 7.726 GC heap after
{Heap after GC invocations=13 (full 1):
 PSYoungGen      total 23040K, used 2464K [0x00000000eab00000, 0x00000000ec580000, 0x0000000100000000)
  eden space 20480K, 0% used [0x00000000eab00000,0x00000000eab00000,0x00000000ebf00000)
  from space 2560K, 96% used [0x00000000ec300000,0x00000000ec568010,0x00000000ec580000)
  to   space 3072K, 0% used [0x00000000ebf80000,0x00000000ebf80000,0x00000000ec280000)
 ParOldGen       total 68608K, used 18717K [0x00000000c0000000, 0x00000000c4300000, 0x00000000eab00000)
  object space 68608K, 27% used [0x00000000c0000000,0x00000000c12477a0,0x00000000c4300000)
 Metaspace       used 34635K, committed 35264K, reserved 1081344K
  class space    used 3517K, committed 3776K, reserved 1048576K
}
Event: 7.875 GC heap before
{Heap before GC invocations=14 (full 1):
 PSYoungGen      total 23040K, used 17043K [0x00000000eab00000, 0x00000000ec580000, 0x0000000100000000)
  eden space 20480K, 71% used [0x00000000eab00000,0x00000000eb93cec8,0x00000000ebf00000)
  from space 2560K, 96% used [0x00000000ec300000,0x00000000ec568010,0x00000000ec580000)
  to   space 3072K, 0% used [0x00000000ebf80000,0x00000000ebf80000,0x00000000ec280000)
 ParOldGen       total 68608K, used 18717K [0x00000000c0000000, 0x00000000c4300000, 0x00000000eab00000)
  object space 68608K, 27% used [0x00000000c0000000,0x00000000c12477a0,0x00000000c4300000)
 Metaspace       used 35263K, committed 35840K, reserved 1081344K
  class space    used 3575K, committed 3840K, reserved 1048576K
}
Event: 7.877 GC heap after
{Heap after GC invocations=14 (full 1):
 PSYoungGen      total 23040K, used 2337K [0x00000000eab00000, 0x00000000ec400000, 0x0000000100000000)
  eden space 20480K, 0% used [0x00000000eab00000,0x00000000eab00000,0x00000000ebf00000)
  from space 2560K, 91% used [0x00000000ebf80000,0x00000000ec1c8688,0x00000000ec200000)
  to   space 2048K, 0% used [0x00000000ec200000,0x00000000ec200000,0x00000000ec400000)
 ParOldGen       total 68608K, used 21061K [0x00000000c0000000, 0x00000000c4300000, 0x00000000eab00000)
  object space 68608K, 30% used [0x00000000c0000000,0x00000000c14917b0,0x00000000c4300000)
 Metaspace       used 35263K, committed 35840K, reserved 1081344K
  class space    used 3575K, committed 3840K, reserved 1048576K
}
Event: 7.877 GC heap before
{Heap before GC invocations=15 (full 2):
 PSYoungGen      total 23040K, used 2337K [0x00000000eab00000, 0x00000000ec400000, 0x0000000100000000)
  eden space 20480K, 0% used [0x00000000eab00000,0x00000000eab00000,0x00000000ebf00000)
  from space 2560K, 91% used [0x00000000ebf80000,0x00000000ec1c8688,0x00000000ec200000)
  to   space 2048K, 0% used [0x00000000ec200000,0x00000000ec200000,0x00000000ec400000)
 ParOldGen       total 68608K, used 21061K [0x00000000c0000000, 0x00000000c4300000, 0x00000000eab00000)
  object space 68608K, 30% used [0x00000000c0000000,0x00000000c14917b0,0x00000000c4300000)
 Metaspace       used 35263K, committed 35840K, reserved 1081344K
  class space    used 3575K, committed 3840K, reserved 1048576K
}
Event: 7.904 GC heap after
{Heap after GC invocations=15 (full 2):
 PSYoungGen      total 23040K, used 0K [0x00000000eab00000, 0x00000000ec400000, 0x0000000100000000)
  eden space 20480K, 0% used [0x00000000eab00000,0x00000000eab00000,0x00000000ebf00000)
  from space 2560K, 0% used [0x00000000ebf80000,0x00000000ebf80000,0x00000000ec200000)
  to   space 2048K, 0% used [0x00000000ec200000,0x00000000ec200000,0x00000000ec400000)
 ParOldGen       total 68608K, used 22581K [0x00000000c0000000, 0x00000000c4300000, 0x00000000eab00000)
  object space 68608K, 32% used [0x00000000c0000000,0x00000000c160d618,0x00000000c4300000)
 Metaspace       used 35263K, committed 35840K, reserved 1081344K
  class space    used 3575K, committed 3840K, reserved 1048576K
}
Event: 8.123 GC heap before
{Heap before GC invocations=16 (full 2):
 PSYoungGen      total 23040K, used 20421K [0x00000000eab00000, 0x00000000ec400000, 0x0000000100000000)
  eden space 20480K, 99% used [0x00000000eab00000,0x00000000ebef1788,0x00000000ebf00000)
  from space 2560K, 0% used [0x00000000ebf80000,0x00000000ebf80000,0x00000000ec200000)
  to   space 2048K, 0% used [0x00000000ec200000,0x00000000ec200000,0x00000000ec400000)
 ParOldGen       total 68608K, used 22581K [0x00000000c0000000, 0x00000000c4300000, 0x00000000eab00000)
  object space 68608K, 32% used [0x00000000c0000000,0x00000000c160d618,0x00000000c4300000)
 Metaspace       used 37226K, committed 37952K, reserved 1089536K
  class space    used 3845K, committed 4160K, reserved 1048576K
}
Event: 8.124 GC heap after
{Heap after GC invocations=16 (full 2):
 PSYoungGen      total 21504K, used 695K [0x00000000eab00000, 0x00000000ec300000, 0x0000000100000000)
  eden space 20480K, 0% used [0x00000000eab00000,0x00000000eab00000,0x00000000ebf00000)
  from space 1024K, 67% used [0x00000000ec200000,0x00000000ec2adc08,0x00000000ec300000)
  to   space 1536K, 0% used [0x00000000ec000000,0x00000000ec000000,0x00000000ec180000)
 ParOldGen       total 68608K, used 22589K [0x00000000c0000000, 0x00000000c4300000, 0x00000000eab00000)
  object space 68608K, 32% used [0x00000000c0000000,0x00000000c160f618,0x00000000c4300000)
 Metaspace       used 37226K, committed 37952K, reserved 1089536K
  class space    used 3845K, committed 4160K, reserved 1048576K
}
Event: 8.455 GC heap before
{Heap before GC invocations=17 (full 2):
 PSYoungGen      total 21504K, used 21175K [0x00000000eab00000, 0x00000000ec300000, 0x0000000100000000)
  eden space 20480K, 100% used [0x00000000eab00000,0x00000000ebf00000,0x00000000ebf00000)
  from space 1024K, 67% used [0x00000000ec200000,0x00000000ec2adc08,0x00000000ec300000)
  to   space 1536K, 0% used [0x00000000ec000000,0x00000000ec000000,0x00000000ec180000)
 ParOldGen       total 68608K, used 22589K [0x00000000c0000000, 0x00000000c4300000, 0x00000000eab00000)
  object space 68608K, 32% used [0x00000000c0000000,0x00000000c160f618,0x00000000c4300000)
 Metaspace       used 39265K, committed 39936K, reserved 1089536K
  class space    used 4024K, committed 4352K, reserved 1048576K
}
Event: 8.456 GC heap after
{Heap after GC invocations=17 (full 2):
 PSYoungGen      total 22016K, used 480K [0x00000000eab00000, 0x00000000ec280000, 0x0000000100000000)
  eden space 20480K, 0% used [0x00000000eab00000,0x00000000eab00000,0x00000000ebf00000)
  from space 1536K, 31% used [0x00000000ec000000,0x00000000ec078000,0x00000000ec180000)
  to   space 1024K, 0% used [0x00000000ec180000,0x00000000ec180000,0x00000000ec280000)
 ParOldGen       total 68608K, used 23111K [0x00000000c0000000, 0x00000000c4300000, 0x00000000eab00000)
  object space 68608K, 33% used [0x00000000c0000000,0x00000000c1691c68,0x00000000c4300000)
 Metaspace       used 39265K, committed 39936K, reserved 1089536K
  class space    used 4024K, committed 4352K, reserved 1048576K
}
Event: 9.176 GC heap before
{Heap before GC invocations=18 (full 2):
 PSYoungGen      total 22016K, used 20960K [0x00000000eab00000, 0x00000000ec280000, 0x0000000100000000)
  eden space 20480K, 100% used [0x00000000eab00000,0x00000000ebf00000,0x00000000ebf00000)
  from space 1536K, 31% used [0x00000000ec000000,0x00000000ec078000,0x00000000ec180000)
  to   space 1024K, 0% used [0x00000000ec180000,0x00000000ec180000,0x00000000ec280000)
 ParOldGen       total 68608K, used 23111K [0x00000000c0000000, 0x00000000c4300000, 0x00000000eab00000)
  object space 68608K, 33% used [0x00000000c0000000,0x00000000c1691c68,0x00000000c4300000)
 Metaspace       used 42200K, committed 42944K, reserved 1089536K
  class space    used 4292K, committed 4608K, reserved 1048576K
}
Event: 9.178 GC heap after
{Heap after GC invocations=18 (full 2):
 PSYoungGen      total 20992K, used 1013K [0x00000000eab00000, 0x00000000ec500000, 0x0000000100000000)
  eden space 19968K, 0% used [0x00000000eab00000,0x00000000eab00000,0x00000000ebe80000)
  from space 1024K, 99% used [0x00000000ec180000,0x00000000ec27d7b0,0x00000000ec280000)
  to   space 3072K, 0% used [0x00000000ebe80000,0x00000000ebe80000,0x00000000ec180000)
 ParOldGen       total 68608K, used 24731K [0x00000000c0000000, 0x00000000c4300000, 0x00000000eab00000)
  object space 68608K, 36% used [0x00000000c0000000,0x00000000c1826e88,0x00000000c4300000)
 Metaspace       used 42200K, committed 42944K, reserved 1089536K
  class space    used 4292K, committed 4608K, reserved 1048576K
}
Event: 9.261 GC heap before
{Heap before GC invocations=19 (full 2):
 PSYoungGen      total 20992K, used 20981K [0x00000000eab00000, 0x00000000ec500000, 0x0000000100000000)
  eden space 19968K, 100% used [0x00000000eab00000,0x00000000ebe80000,0x00000000ebe80000)
  from space 1024K, 99% used [0x00000000ec180000,0x00000000ec27d7b0,0x00000000ec280000)
  to   space 3072K, 0% used [0x00000000ebe80000,0x00000000ebe80000,0x00000000ec180000)
 ParOldGen       total 68608K, used 24731K [0x00000000c0000000, 0x00000000c4300000, 0x00000000eab00000)
  object space 68608K, 36% used [0x00000000c0000000,0x00000000c1826e88,0x00000000c4300000)
 Metaspace       used 42237K, committed 42944K, reserved 1089536K
  class space    used 4292K, committed 4608K, reserved 1048576K
}
Event: 9.262 GC heap after
{Heap after GC invocations=19 (full 2):
 PSYoungGen      total 21504K, used 1159K [0x00000000eab00000, 0x00000000ec280000, 0x0000000100000000)
  eden space 19968K, 0% used [0x00000000eab00000,0x00000000eab00000,0x00000000ebe80000)
  from space 1536K, 75% used [0x00000000ebe80000,0x00000000ebfa1cc0,0x00000000ec000000)
  to   space 2048K, 0% used [0x00000000ec080000,0x00000000ec080000,0x00000000ec280000)
 ParOldGen       total 68608K, used 25582K [0x00000000c0000000, 0x00000000c4300000, 0x00000000eab00000)
  object space 68608K, 37% used [0x00000000c0000000,0x00000000c18fb968,0x00000000c4300000)
 Metaspace       used 42237K, committed 42944K, reserved 1089536K
  class space    used 4292K, committed 4608K, reserved 1048576K
}
Event: 9.480 GC heap before
{Heap before GC invocations=20 (full 2):
 PSYoungGen      total 21504K, used 21110K [0x00000000eab00000, 0x00000000ec280000, 0x0000000100000000)
  eden space 19968K, 99% used [0x00000000eab00000,0x00000000ebe7bd28,0x00000000ebe80000)
  from space 1536K, 75% used [0x00000000ebe80000,0x00000000ebfa1cc0,0x00000000ec000000)
  to   space 2048K, 0% used [0x00000000ec080000,0x00000000ec080000,0x00000000ec280000)
 ParOldGen       total 68608K, used 25582K [0x00000000c0000000, 0x00000000c4300000, 0x00000000eab00000)
  object space 68608K, 37% used [0x00000000c0000000,0x00000000c18fb968,0x00000000c4300000)
 Metaspace       used 44285K, committed 44992K, reserved 1089536K
  class space    used 4486K, committed 4800K, reserved 1048576K
}
Event: 9.481 GC heap after
{Heap after GC invocations=20 (full 2):
 PSYoungGen      total 21504K, used 1096K [0x00000000eab00000, 0x00000000ec200000, 0x0000000100000000)
  eden space 19968K, 0% used [0x00000000eab00000,0x00000000eab00000,0x00000000ebe80000)
  from space 1536K, 71% used [0x00000000ec080000,0x00000000ec1920f8,0x00000000ec200000)
  to   space 1536K, 0% used [0x00000000ebe80000,0x00000000ebe80000,0x00000000ec000000)
 ParOldGen       total 68608K, used 25694K [0x00000000c0000000, 0x00000000c4300000, 0x00000000eab00000)
  object space 68608K, 37% used [0x00000000c0000000,0x00000000c1917968,0x00000000c4300000)
 Metaspace       used 44285K, committed 44992K, reserved 1089536K
  class space    used 4486K, committed 4800K, reserved 1048576K
}

