# JRE version: OpenJDK Runtime Environment Temurin-17.0.4+8 (17.0.4+8) (build 17.0.4+8)
# Java VM: OpenJDK 64-Bit Server VM Temurin-17.0.4+8 (17.0.4+8, mixed mode, tiered, compressed oops, compressed class ptrs, parallel gc, windows-amd64)
GC Precious Log:
 CPUs: 8 total, 8 available
 Memory: 16348M
 Large Page Support: Disabled
 NUMA Support: Disabled
 Compressed Oops: Enabled (32-bit)
 Alignments: Space 512K, Generation 512K, Heap 2M
 Heap Min Capacity: 100M
 Heap Initial Capacity: 100M
 Heap Max Capacity: 1G
 Pre-touch: Disabled
 Parallel Workers: 8
Heap:
 PSYoungGen      total 19456K, used 3010K [0x00000000eab00000, 0x00000000ec180000, 0x0000000100000000)
  eden space 17920K, 8% used [0x00000000eab00000,0x00000000eac90840,0x00000000ebc80000)
  from space 1536K, 91% used [0x00000000ebc80000,0x00000000ebde0000,0x00000000ebe00000)
  to   space 2560K, 0% used [0x00000000ebf00000,0x00000000ebf00000,0x00000000ec180000)
 ParOldGen       total 68608K, used 50929K [0x00000000c0000000, 0x00000000c4300000, 0x00000000eab00000)
  object space 68608K, 74% used [0x00000000c0000000,0x00000000c31bc498,0x00000000c4300000)
 Metaspace       used 60177K, committed 61120K, reserved 1105920K
  class space    used 6333K, committed 6720K, reserved 1048576K
GC Heap History (20 events):
Event: 15.699 GC heap before
{Heap before GC invocations=34 (full 2):
 PSYoungGen      total 22016K, used 21846K [0x00000000eab00000, 0x00000000ec280000, 0x0000000100000000)
  eden space 19968K, 100% used [0x00000000eab00000,0x00000000ebe80000,0x00000000ebe80000)
  from space 2048K, 91% used [0x00000000ebf00000,0x00000000ec0d5b58,0x00000000ec100000)
  to   space 1536K, 0% used [0x00000000ec100000,0x00000000ec100000,0x00000000ec280000)
 ParOldGen       total 68608K, used 44385K [0x00000000c0000000, 0x00000000c4300000, 0x00000000eab00000)
  object space 68608K, 64% used [0x00000000c0000000,0x00000000c2b586b0,0x00000000c4300000)
 Metaspace       used 54965K, committed 56064K, reserved 1105920K
  class space    used 5879K, committed 6336K, reserved 1048576K
}
Event: 15.701 GC heap after
{Heap after GC invocations=34 (full 2):
 PSYoungGen      total 19968K, used 1536K [0x00000000eab00000, 0x00000000ec680000, 0x0000000100000000)
  eden space 18432K, 0% used [0x00000000eab00000,0x00000000eab00000,0x00000000ebd00000)
  from space 1536K, 100% used [0x00000000ec100000,0x00000000ec280000,0x00000000ec280000)
  to   space 4096K, 0% used [0x00000000ebd00000,0x00000000ebd00000,0x00000000ec100000)
 ParOldGen       total 68608K, used 46282K [0x00000000c0000000, 0x00000000c4300000, 0x00000000eab00000)
  object space 68608K, 67% used [0x00000000c0000000,0x00000000c2d32968,0x00000000c4300000)
 Metaspace       used 54965K, committed 56064K, reserved 1105920K
  class space    used 5879K, committed 6336K, reserved 1048576K
}
Event: 15.796 GC heap before
{Heap before GC invocations=35 (full 2):
 PSYoungGen      total 19968K, used 19968K [0x00000000eab00000, 0x00000000ec680000, 0x0000000100000000)
  eden space 18432K, 100% used [0x00000000eab00000,0x00000000ebd00000,0x00000000ebd00000)
  from space 1536K, 100% used [0x00000000ec100000,0x00000000ec280000,0x00000000ec280000)
  to   space 4096K, 0% used [0x00000000ebd00000,0x00000000ebd00000,0x00000000ec100000)
 ParOldGen       total 68608K, used 46282K [0x00000000c0000000, 0x00000000c4300000, 0x00000000eab00000)
  object space 68608K, 67% used [0x00000000c0000000,0x00000000c2d32968,0x00000000c4300000)
 Metaspace       used 55203K, committed 56320K, reserved 1105920K
  class space    used 5894K, committed 6336K, reserved 1048576K
}
Event: 15.799 GC heap after
{Heap after GC invocations=35 (full 2):
 PSYoungGen      total 20480K, used 1802K [0x00000000eab00000, 0x00000000ec200000, 0x0000000100000000)
  eden space 18432K, 0% used [0x00000000eab00000,0x00000000eab00000,0x00000000ebd00000)
  from space 2048K, 87% used [0x00000000ebd00000,0x00000000ebec28c8,0x00000000ebf00000)
  to   space 2560K, 0% used [0x00000000ebf80000,0x00000000ebf80000,0x00000000ec200000)
 ParOldGen       total 68608K, used 47853K [0x00000000c0000000, 0x00000000c4300000, 0x00000000eab00000)
  object space 68608K, 69% used [0x00000000c0000000,0x00000000c2ebb5c0,0x00000000c4300000)
 Metaspace       used 55203K, committed 56320K, reserved 1105920K
  class space    used 5894K, committed 6336K, reserved 1048576K
}
Event: 15.870 GC heap before
{Heap before GC invocations=36 (full 2):
 PSYoungGen      total 20480K, used 20234K [0x00000000eab00000, 0x00000000ec200000, 0x0000000100000000)
  eden space 18432K, 100% used [0x00000000eab00000,0x00000000ebd00000,0x00000000ebd00000)
  from space 2048K, 87% used [0x00000000ebd00000,0x00000000ebec28c8,0x00000000ebf00000)
  to   space 2560K, 0% used [0x00000000ebf80000,0x00000000ebf80000,0x00000000ec200000)
 ParOldGen       total 68608K, used 47853K [0x00000000c0000000, 0x00000000c4300000, 0x00000000eab00000)
  object space 68608K, 69% used [0x00000000c0000000,0x00000000c2ebb5c0,0x00000000c4300000)
 Metaspace       used 55883K, committed 56960K, reserved 1105920K
  class space    used 5957K, committed 6400K, reserved 1048576K
}
Event: 15.870 GC heap after
{Heap after GC invocations=36 (full 2):
 PSYoungGen      total 18944K, used 160K [0x00000000eab00000, 0x00000000ec000000, 0x0000000100000000)
  eden space 18432K, 0% used [0x00000000eab00000,0x00000000eab00000,0x00000000ebd00000)
  from space 512K, 31% used [0x00000000ebf80000,0x00000000ebfa8000,0x00000000ec000000)
  to   space 1024K, 0% used [0x00000000ebe00000,0x00000000ebe00000,0x00000000ebf00000)
 ParOldGen       total 68608K, used 48005K [0x00000000c0000000, 0x00000000c4300000, 0x00000000eab00000)
  object space 68608K, 69% used [0x00000000c0000000,0x00000000c2ee15c0,0x00000000c4300000)
 Metaspace       used 55883K, committed 56960K, reserved 1105920K
  class space    used 5957K, committed 6400K, reserved 1048576K
}
Event: 16.224 GC heap before
{Heap before GC invocations=37 (full 2):
 PSYoungGen      total 18944K, used 18592K [0x00000000eab00000, 0x00000000ec000000, 0x0000000100000000)
  eden space 18432K, 100% used [0x00000000eab00000,0x00000000ebd00000,0x00000000ebd00000)
  from space 512K, 31% used [0x00000000ebf80000,0x00000000ebfa8000,0x00000000ec000000)
  to   space 1024K, 0% used [0x00000000ebe00000,0x00000000ebe00000,0x00000000ebf00000)
 ParOldGen       total 68608K, used 48005K [0x00000000c0000000, 0x00000000c4300000, 0x00000000eab00000)
  object space 68608K, 69% used [0x00000000c0000000,0x00000000c2ee15c0,0x00000000c4300000)
 Metaspace       used 57819K, committed 58816K, reserved 1105920K
  class space    used 6141K, committed 6528K, reserved 1048576K
}
Event: 16.226 GC heap after
{Heap after GC invocations=37 (full 2):
 PSYoungGen      total 19456K, used 1005K [0x00000000eab00000, 0x00000000ec000000, 0x0000000100000000)
  eden space 18432K, 0% used [0x00000000eab00000,0x00000000eab00000,0x00000000ebd00000)
  from space 1024K, 98% used [0x00000000ebe00000,0x00000000ebefb400,0x00000000ebf00000)
  to   space 1024K, 0% used [0x00000000ebf00000,0x00000000ebf00000,0x00000000ec000000)
 ParOldGen       total 68608K, used 48093K [0x00000000c0000000, 0x00000000c4300000, 0x00000000eab00000)
  object space 68608K, 70% used [0x00000000c0000000,0x00000000c2ef75c0,0x00000000c4300000)
 Metaspace       used 57819K, committed 58816K, reserved 1105920K
  class space    used 6141K, committed 6528K, reserved 1048576K
}
Event: 16.568 GC heap before
{Heap before GC invocations=38 (full 2):
 PSYoungGen      total 19456K, used 19363K [0x00000000eab00000, 0x00000000ec000000, 0x0000000100000000)
  eden space 18432K, 99% used [0x00000000eab00000,0x00000000ebceda30,0x00000000ebd00000)
  from space 1024K, 98% used [0x00000000ebe00000,0x00000000ebefb400,0x00000000ebf00000)
  to   space 1024K, 0% used [0x00000000ebf00000,0x00000000ebf00000,0x00000000ec000000)
 ParOldGen       total 68608K, used 48093K [0x00000000c0000000, 0x00000000c4300000, 0x00000000eab00000)
  object space 68608K, 70% used [0x00000000c0000000,0x00000000c2ef75c0,0x00000000c4300000)
 Metaspace       used 58077K, committed 59136K, reserved 1105920K
  class space    used 6165K, committed 6592K, reserved 1048576K
}
Event: 16.570 GC heap after
{Heap after GC invocations=38 (full 2):
 PSYoungGen      total 18944K, used 1009K [0x00000000eab00000, 0x00000000ec200000, 0x0000000100000000)
  eden space 17920K, 0% used [0x00000000eab00000,0x00000000eab00000,0x00000000ebc80000)
  from space 1024K, 98% used [0x00000000ebf00000,0x00000000ebffc4c0,0x00000000ec000000)
  to   space 2560K, 0% used [0x00000000ebc80000,0x00000000ebc80000,0x00000000ebf00000)
 ParOldGen       total 68608K, used 49291K [0x00000000c0000000, 0x00000000c4300000, 0x00000000eab00000)
  object space 68608K, 71% used [0x00000000c0000000,0x00000000c3022ea0,0x00000000c4300000)
 Metaspace       used 58077K, committed 59136K, reserved 1105920K
  class space    used 6165K, committed 6592K, reserved 1048576K
}
Event: 16.857 GC heap before
{Heap before GC invocations=39 (full 2):
 PSYoungGen      total 18944K, used 18929K [0x00000000eab00000, 0x00000000ec200000, 0x0000000100000000)
  eden space 17920K, 100% used [0x00000000eab00000,0x00000000ebc80000,0x00000000ebc80000)
  from space 1024K, 98% used [0x00000000ebf00000,0x00000000ebffc4c0,0x00000000ec000000)
  to   space 2560K, 0% used [0x00000000ebc80000,0x00000000ebc80000,0x00000000ebf00000)
 ParOldGen       total 68608K, used 49291K [0x00000000c0000000, 0x00000000c4300000, 0x00000000eab00000)
  object space 68608K, 71% used [0x00000000c0000000,0x00000000c3022ea0,0x00000000c4300000)
 Metaspace       used 58610K, committed 59648K, reserved 1105920K
  class space    used 6220K, committed 6656K, reserved 1048576K
}
Event: 16.859 GC heap after
{Heap after GC invocations=39 (full 2):
 PSYoungGen      total 20480K, used 2541K [0x00000000eab00000, 0x00000000ec780000, 0x0000000100000000)
  eden space 17920K, 0% used [0x00000000eab00000,0x00000000eab00000,0x00000000ebc80000)
  from space 2560K, 99% used [0x00000000ebc80000,0x00000000ebefb7e8,0x00000000ebf00000)
  to   space 5632K, 0% used [0x00000000ec200000,0x00000000ec200000,0x00000000ec780000)
 ParOldGen       total 68608K, used 51513K [0x00000000c0000000, 0x00000000c4300000, 0x00000000eab00000)
  object space 68608K, 75% used [0x00000000c0000000,0x00000000c324e750,0x00000000c4300000)
 Metaspace       used 58610K, committed 59648K, reserved 1105920K
  class space    used 6220K, committed 6656K, reserved 1048576K
}
Event: 17.268 GC heap before
{Heap before GC invocations=40 (full 2):
 PSYoungGen      total 20480K, used 14529K [0x00000000eab00000, 0x00000000ec780000, 0x0000000100000000)
  eden space 17920K, 66% used [0x00000000eab00000,0x00000000eb6b4d00,0x00000000ebc80000)
  from space 2560K, 99% used [0x00000000ebc80000,0x00000000ebefb7e8,0x00000000ebf00000)
  to   space 5632K, 0% used [0x00000000ec200000,0x00000000ec200000,0x00000000ec780000)
 ParOldGen       total 68608K, used 51513K [0x00000000c0000000, 0x00000000c4300000, 0x00000000eab00000)
  object space 68608K, 75% used [0x00000000c0000000,0x00000000c324e750,0x00000000c4300000)
 Metaspace       used 58784K, committed 59776K, reserved 1105920K
  class space    used 6227K, committed 6656K, reserved 1048576K
}
Event: 17.269 GC heap after
{Heap after GC invocations=40 (full 2):
 PSYoungGen      total 19456K, used 1030K [0x00000000eab00000, 0x00000000ec380000, 0x0000000100000000)
  eden space 17920K, 0% used [0x00000000eab00000,0x00000000eab00000,0x00000000ebc80000)
  from space 1536K, 67% used [0x00000000ec200000,0x00000000ec301ad0,0x00000000ec380000)
  to   space 2560K, 0% used [0x00000000ebe80000,0x00000000ebe80000,0x00000000ec100000)
 ParOldGen       total 68608K, used 51945K [0x00000000c0000000, 0x00000000c4300000, 0x00000000eab00000)
  object space 68608K, 75% used [0x00000000c0000000,0x00000000c32ba750,0x00000000c4300000)
 Metaspace       used 58784K, committed 59776K, reserved 1105920K
  class space    used 6227K, committed 6656K, reserved 1048576K
}
Event: 17.269 GC heap before
{Heap before GC invocations=41 (full 3):
 PSYoungGen      total 19456K, used 1030K [0x00000000eab00000, 0x00000000ec380000, 0x0000000100000000)
  eden space 17920K, 0% used [0x00000000eab00000,0x00000000eab00000,0x00000000ebc80000)
  from space 1536K, 67% used [0x00000000ec200000,0x00000000ec301ad0,0x00000000ec380000)
  to   space 2560K, 0% used [0x00000000ebe80000,0x00000000ebe80000,0x00000000ec100000)
 ParOldGen       total 68608K, used 51945K [0x00000000c0000000, 0x00000000c4300000, 0x00000000eab00000)
  object space 68608K, 75% used [0x00000000c0000000,0x00000000c32ba750,0x00000000c4300000)
 Metaspace       used 58784K, committed 59776K, reserved 1105920K
  class space    used 6227K, committed 6656K, reserved 1048576K
}
Event: 17.353 GC heap after
{Heap after GC invocations=41 (full 3):
 PSYoungGen      total 19456K, used 0K [0x00000000eab00000, 0x00000000ec380000, 0x0000000100000000)
  eden space 17920K, 0% used [0x00000000eab00000,0x00000000eab00000,0x00000000ebc80000)
  from space 1536K, 0% used [0x00000000ec200000,0x00000000ec200000,0x00000000ec380000)
  to   space 2560K, 0% used [0x00000000ebe80000,0x00000000ebe80000,0x00000000ec100000)
 ParOldGen       total 68608K, used 47496K [0x00000000c0000000, 0x00000000c4300000, 0x00000000eab00000)
  object space 68608K, 69% used [0x00000000c0000000,0x00000000c2e62248,0x00000000c4300000)
 Metaspace       used 58784K, committed 59776K, reserved 1105920K
  class space    used 6227K, committed 6656K, reserved 1048576K
}
Event: 17.777 GC heap before
{Heap before GC invocations=42 (full 3):
 PSYoungGen      total 19456K, used 17920K [0x00000000eab00000, 0x00000000ec380000, 0x0000000100000000)
  eden space 17920K, 100% used [0x00000000eab00000,0x00000000ebc80000,0x00000000ebc80000)
  from space 1536K, 0% used [0x00000000ec200000,0x00000000ec200000,0x00000000ec380000)
  to   space 2560K, 0% used [0x00000000ebe80000,0x00000000ebe80000,0x00000000ec100000)
 ParOldGen       total 68608K, used 47496K [0x00000000c0000000, 0x00000000c4300000, 0x00000000eab00000)
  object space 68608K, 69% used [0x00000000c0000000,0x00000000c2e62248,0x00000000c4300000)
 Metaspace       used 59726K, committed 60672K, reserved 1105920K
  class space    used 6310K, committed 6720K, reserved 1048576K
}
Event: 17.779 GC heap after
{Heap after GC invocations=42 (full 3):
 PSYoungGen      total 20480K, used 2464K [0x00000000eab00000, 0x00000000ec280000, 0x0000000100000000)
  eden space 17920K, 0% used [0x00000000eab00000,0x00000000eab00000,0x00000000ebc80000)
  from space 2560K, 96% used [0x00000000ebe80000,0x00000000ec0e8000,0x00000000ec100000)
  to   space 1536K, 0% used [0x00000000ec100000,0x00000000ec100000,0x00000000ec280000)
 ParOldGen       total 68608K, used 47504K [0x00000000c0000000, 0x00000000c4300000, 0x00000000eab00000)
  object space 68608K, 69% used [0x00000000c0000000,0x00000000c2e64248,0x00000000c4300000)
 Metaspace       used 59726K, committed 60672K, reserved 1105920K
  class space    used 6310K, committed 6720K, reserved 1048576K
}
Event: 17.926 GC heap before
{Heap before GC invocations=43 (full 3):
 PSYoungGen      total 20480K, used 20384K [0x00000000eab00000, 0x00000000ec280000, 0x0000000100000000)
  eden space 17920K, 100% used [0x00000000eab00000,0x00000000ebc80000,0x00000000ebc80000)
  from space 2560K, 96% used [0x00000000ebe80000,0x00000000ec0e8000,0x00000000ec100000)
  to   space 1536K, 0% used [0x00000000ec100000,0x00000000ec100000,0x00000000ec280000)
 ParOldGen       total 68608K, used 47504K [0x00000000c0000000, 0x00000000c4300000, 0x00000000eab00000)
  object space 68608K, 69% used [0x00000000c0000000,0x00000000c2e64248,0x00000000c4300000)
 Metaspace       used 59862K, committed 60864K, reserved 1105920K
  class space    used 6313K, committed 6720K, reserved 1048576K
}
Event: 17.928 GC heap after
{Heap after GC invocations=43 (full 3):
 PSYoungGen      total 19456K, used 1536K [0x00000000eab00000, 0x00000000ec580000, 0x0000000100000000)
  eden space 17920K, 0% used [0x00000000eab00000,0x00000000eab00000,0x00000000ebc80000)
  from space 1536K, 100% used [0x00000000ec100000,0x00000000ec280000,0x00000000ec280000)
  to   space 4608K, 0% used [0x00000000ebc80000,0x00000000ebc80000,0x00000000ec100000)
 ParOldGen       total 68608K, used 49809K [0x00000000c0000000, 0x00000000c4300000, 0x00000000eab00000)
  object space 68608K, 72% used [0x00000000c0000000,0x00000000c30a4498,0x00000000c4300000)
 Metaspace       used 59862K, committed 60864K, reserved 1105920K
  class space    used 6313K, committed 6720K, reserved 1048576K
}

