# JRE version: OpenJDK Runtime Environment Temurin-17.0.4.1+1 (17.0.4.1+1) (build 17.0.4.1+1)
# Java VM: OpenJDK 64-Bit Server VM Temurin-17.0.4.1+1 (17.0.4.1+1, mixed mode, tiered, compressed oops, compressed class ptrs, parallel gc, windows-amd64)
GC Precious Log:
 CPUs: 8 total, 8 available
 Memory: 16348M
 Large Page Support: Disabled
 NUMA Support: Disabled
 Compressed Oops: Enabled (32-bit)
 Alignments: Space 512K, Generation 512K, Heap 2M
 Heap Min Capacity: 100M
 Heap Initial Capacity: 100M
 Heap Max Capacity: 1G
 Pre-touch: Disabled
 Parallel Workers: 8
Heap:
 PSYoungGen      total 18432K, used 2528K [0x00000000eab00000, 0x00000000ec900000, 0x0000000100000000)
  eden space 15872K, 0% used [0x00000000eab00000,0x00000000eab00000,0x00000000eba80000)
  from space 2560K, 98% used [0x00000000ec080000,0x00000000ec2f8138,0x00000000ec300000)
  to   space 6144K, 0% used [0x00000000eba80000,0x00000000eba80000,0x00000000ec080000)
 ParOldGen       total 90112K, used 90000K [0x00000000c0000000, 0x00000000c5800000, 0x00000000eab00000)
  object space 90112K, 99% used [0x00000000c0000000,0x00000000c57e41b0,0x00000000c5800000)
 Metaspace       used 49956K, committed 51072K, reserved 1097728K
  class space    used 5320K, committed 5888K, reserved 1048576K
GC Heap History (20 events):
Event: 6.678 GC heap after
{Heap after GC invocations=41 (full 3):
 PSYoungGen      total 23552K, used 3137K [0x00000000eab00000, 0x00000000ec580000, 0x0000000100000000)
  eden space 19968K, 0% used [0x00000000eab00000,0x00000000eab00000,0x00000000ebe80000)
  from space 3584K, 87% used [0x00000000ebe80000,0x00000000ec190568,0x00000000ec200000)
  to   space 3584K, 0% used [0x00000000ec200000,0x00000000ec200000,0x00000000ec580000)
 ParOldGen       total 90112K, used 62428K [0x00000000c0000000, 0x00000000c5800000, 0x00000000eab00000)
  object space 90112K, 69% used [0x00000000c0000000,0x00000000c3cf70a0,0x00000000c5800000)
 Metaspace       used 49656K, committed 50752K, reserved 1097728K
  class space    used 5296K, committed 5824K, reserved 1048576K
}
Event: 6.769 GC heap before
{Heap before GC invocations=42 (full 3):
 PSYoungGen      total 23552K, used 23105K [0x00000000eab00000, 0x00000000ec580000, 0x0000000100000000)
  eden space 19968K, 100% used [0x00000000eab00000,0x00000000ebe80000,0x00000000ebe80000)
  from space 3584K, 87% used [0x00000000ebe80000,0x00000000ec190568,0x00000000ec200000)
  to   space 3584K, 0% used [0x00000000ec200000,0x00000000ec200000,0x00000000ec580000)
 ParOldGen       total 90112K, used 62428K [0x00000000c0000000, 0x00000000c5800000, 0x00000000eab00000)
  object space 90112K, 69% used [0x00000000c0000000,0x00000000c3cf70a0,0x00000000c5800000)
 Metaspace       used 49658K, committed 50752K, reserved 1097728K
  class space    used 5296K, committed 5824K, reserved 1048576K
}
Event: 6.772 GC heap after
{Heap after GC invocations=42 (full 3):
 PSYoungGen      total 23552K, used 3269K [0x00000000eab00000, 0x00000000ec580000, 0x0000000100000000)
  eden space 19968K, 0% used [0x00000000eab00000,0x00000000eab00000,0x00000000ebe80000)
  from space 3584K, 91% used [0x00000000ec200000,0x00000000ec5316b8,0x00000000ec580000)
  to   space 3584K, 0% used [0x00000000ebe80000,0x00000000ebe80000,0x00000000ec200000)
 ParOldGen       total 90112K, used 65518K [0x00000000c0000000, 0x00000000c5800000, 0x00000000eab00000)
  object space 90112K, 72% used [0x00000000c0000000,0x00000000c3ffb930,0x00000000c5800000)
 Metaspace       used 49658K, committed 50752K, reserved 1097728K
  class space    used 5296K, committed 5824K, reserved 1048576K
}
Event: 6.869 GC heap before
{Heap before GC invocations=43 (full 3):
 PSYoungGen      total 23552K, used 23237K [0x00000000eab00000, 0x00000000ec580000, 0x0000000100000000)
  eden space 19968K, 100% used [0x00000000eab00000,0x00000000ebe80000,0x00000000ebe80000)
  from space 3584K, 91% used [0x00000000ec200000,0x00000000ec5316b8,0x00000000ec580000)
  to   space 3584K, 0% used [0x00000000ebe80000,0x00000000ebe80000,0x00000000ec200000)
 ParOldGen       total 90112K, used 65518K [0x00000000c0000000, 0x00000000c5800000, 0x00000000eab00000)
  object space 90112K, 72% used [0x00000000c0000000,0x00000000c3ffb930,0x00000000c5800000)
 Metaspace       used 49669K, committed 50816K, reserved 1097728K
  class space    used 5296K, committed 5824K, reserved 1048576K
}
Event: 6.872 GC heap after
{Heap after GC invocations=43 (full 3):
 PSYoungGen      total 23552K, used 3568K [0x00000000eab00000, 0x00000000ecd80000, 0x0000000100000000)
  eden space 19968K, 0% used [0x00000000eab00000,0x00000000eab00000,0x00000000ebe80000)
  from space 3584K, 99% used [0x00000000ebe80000,0x00000000ec1fc378,0x00000000ec200000)
  to   space 7680K, 0% used [0x00000000ec600000,0x00000000ec600000,0x00000000ecd80000)
 ParOldGen       total 90112K, used 68697K [0x00000000c0000000, 0x00000000c5800000, 0x00000000eab00000)
  object space 90112K, 76% used [0x00000000c0000000,0x00000000c43164a8,0x00000000c5800000)
 Metaspace       used 49669K, committed 50816K, reserved 1097728K
  class space    used 5296K, committed 5824K, reserved 1048576K
}
Event: 6.946 GC heap before
{Heap before GC invocations=44 (full 3):
 PSYoungGen      total 23552K, used 23536K [0x00000000eab00000, 0x00000000ecd80000, 0x0000000100000000)
  eden space 19968K, 100% used [0x00000000eab00000,0x00000000ebe80000,0x00000000ebe80000)
  from space 3584K, 99% used [0x00000000ebe80000,0x00000000ec1fc378,0x00000000ec200000)
  to   space 7680K, 0% used [0x00000000ec600000,0x00000000ec600000,0x00000000ecd80000)
 ParOldGen       total 90112K, used 68697K [0x00000000c0000000, 0x00000000c5800000, 0x00000000eab00000)
  object space 90112K, 76% used [0x00000000c0000000,0x00000000c43164a8,0x00000000c5800000)
 Metaspace       used 49679K, committed 50816K, reserved 1097728K
  class space    used 5296K, committed 5824K, reserved 1048576K
}
Event: 6.950 GC heap after
{Heap after GC invocations=44 (full 3):
 PSYoungGen      total 23552K, used 3163K [0x00000000eab00000, 0x00000000ec980000, 0x0000000100000000)
  eden space 19968K, 0% used [0x00000000eab00000,0x00000000eab00000,0x00000000ebe80000)
  from space 3584K, 88% used [0x00000000ec600000,0x00000000ec916ff8,0x00000000ec980000)
  to   space 4608K, 0% used [0x00000000ec080000,0x00000000ec080000,0x00000000ec500000)
 ParOldGen       total 90112K, used 72303K [0x00000000c0000000, 0x00000000c5800000, 0x00000000eab00000)
  object space 90112K, 80% used [0x00000000c0000000,0x00000000c469bcf0,0x00000000c5800000)
 Metaspace       used 49679K, committed 50816K, reserved 1097728K
  class space    used 5296K, committed 5824K, reserved 1048576K
}
Event: 7.019 GC heap before
{Heap before GC invocations=45 (full 3):
 PSYoungGen      total 23552K, used 23131K [0x00000000eab00000, 0x00000000ec980000, 0x0000000100000000)
  eden space 19968K, 100% used [0x00000000eab00000,0x00000000ebe80000,0x00000000ebe80000)
  from space 3584K, 88% used [0x00000000ec600000,0x00000000ec916ff8,0x00000000ec980000)
  to   space 4608K, 0% used [0x00000000ec080000,0x00000000ec080000,0x00000000ec500000)
 ParOldGen       total 90112K, used 72303K [0x00000000c0000000, 0x00000000c5800000, 0x00000000eab00000)
  object space 90112K, 80% used [0x00000000c0000000,0x00000000c469bcf0,0x00000000c5800000)
 Metaspace       used 49681K, committed 50816K, reserved 1097728K
  class space    used 5296K, committed 5824K, reserved 1048576K
}
Event: 7.023 GC heap after
{Heap after GC invocations=45 (full 3):
 PSYoungGen      total 23552K, used 3407K [0x00000000eab00000, 0x00000000ec680000, 0x0000000100000000)
  eden space 19968K, 0% used [0x00000000eab00000,0x00000000eab00000,0x00000000ebe80000)
  from space 3584K, 95% used [0x00000000ec080000,0x00000000ec3d3d08,0x00000000ec400000)
  to   space 2560K, 0% used [0x00000000ec400000,0x00000000ec400000,0x00000000ec680000)
 ParOldGen       total 90112K, used 75342K [0x00000000c0000000, 0x00000000c5800000, 0x00000000eab00000)
  object space 90112K, 83% used [0x00000000c0000000,0x00000000c4993a98,0x00000000c5800000)
 Metaspace       used 49681K, committed 50816K, reserved 1097728K
  class space    used 5296K, committed 5824K, reserved 1048576K
}
Event: 7.115 GC heap before
{Heap before GC invocations=46 (full 3):
 PSYoungGen      total 23552K, used 23323K [0x00000000eab00000, 0x00000000ec680000, 0x0000000100000000)
  eden space 19968K, 99% used [0x00000000eab00000,0x00000000ebe73060,0x00000000ebe80000)
  from space 3584K, 95% used [0x00000000ec080000,0x00000000ec3d3d08,0x00000000ec400000)
  to   space 2560K, 0% used [0x00000000ec400000,0x00000000ec400000,0x00000000ec680000)
 ParOldGen       total 90112K, used 75342K [0x00000000c0000000, 0x00000000c5800000, 0x00000000eab00000)
  object space 90112K, 83% used [0x00000000c0000000,0x00000000c4993a98,0x00000000c5800000)
 Metaspace       used 49703K, committed 50816K, reserved 1097728K
  class space    used 5300K, committed 5824K, reserved 1048576K
}
Event: 7.118 GC heap after
{Heap after GC invocations=46 (full 3):
 PSYoungGen      total 20992K, used 2558K [0x00000000eab00000, 0x00000000ecc80000, 0x0000000100000000)
  eden space 18432K, 0% used [0x00000000eab00000,0x00000000eab00000,0x00000000ebd00000)
  from space 2560K, 99% used [0x00000000ec400000,0x00000000ec67fb38,0x00000000ec680000)
  to   space 7168K, 0% used [0x00000000ebd00000,0x00000000ebd00000,0x00000000ec400000)
 ParOldGen       total 90112K, used 79266K [0x00000000c0000000, 0x00000000c5800000, 0x00000000eab00000)
  object space 90112K, 87% used [0x00000000c0000000,0x00000000c4d68808,0x00000000c5800000)
 Metaspace       used 49703K, committed 50816K, reserved 1097728K
  class space    used 5300K, committed 5824K, reserved 1048576K
}
Event: 7.205 GC heap before
{Heap before GC invocations=47 (full 3):
 PSYoungGen      total 20992K, used 20953K [0x00000000eab00000, 0x00000000ecc80000, 0x0000000100000000)
  eden space 18432K, 99% used [0x00000000eab00000,0x00000000ebcf6ab8,0x00000000ebd00000)
  from space 2560K, 99% used [0x00000000ec400000,0x00000000ec67fb38,0x00000000ec680000)
  to   space 7168K, 0% used [0x00000000ebd00000,0x00000000ebd00000,0x00000000ec400000)
 ParOldGen       total 90112K, used 79266K [0x00000000c0000000, 0x00000000c5800000, 0x00000000eab00000)
  object space 90112K, 87% used [0x00000000c0000000,0x00000000c4d68808,0x00000000c5800000)
 Metaspace       used 49750K, committed 50880K, reserved 1097728K
  class space    used 5301K, committed 5824K, reserved 1048576K
}
Event: 7.207 GC heap after
{Heap after GC invocations=47 (full 3):
 PSYoungGen      total 21504K, used 2997K [0x00000000eab00000, 0x00000000ec600000, 0x0000000100000000)
  eden space 18432K, 0% used [0x00000000eab00000,0x00000000eab00000,0x00000000ebd00000)
  from space 3072K, 97% used [0x00000000ebd00000,0x00000000ebfed548,0x00000000ec000000)
  to   space 4608K, 0% used [0x00000000ec180000,0x00000000ec180000,0x00000000ec600000)
 ParOldGen       total 90112K, used 81634K [0x00000000c0000000, 0x00000000c5800000, 0x00000000eab00000)
  object space 90112K, 90% used [0x00000000c0000000,0x00000000c4fb8840,0x00000000c5800000)
 Metaspace       used 49750K, committed 50880K, reserved 1097728K
  class space    used 5301K, committed 5824K, reserved 1048576K
}
Event: 7.293 GC heap before
{Heap before GC invocations=48 (full 3):
 PSYoungGen      total 21504K, used 21429K [0x00000000eab00000, 0x00000000ec600000, 0x0000000100000000)
  eden space 18432K, 100% used [0x00000000eab00000,0x00000000ebd00000,0x00000000ebd00000)
  from space 3072K, 97% used [0x00000000ebd00000,0x00000000ebfed548,0x00000000ec000000)
  to   space 4608K, 0% used [0x00000000ec180000,0x00000000ec180000,0x00000000ec600000)
 ParOldGen       total 90112K, used 81634K [0x00000000c0000000, 0x00000000c5800000, 0x00000000eab00000)
  object space 90112K, 90% used [0x00000000c0000000,0x00000000c4fb8840,0x00000000c5800000)
 Metaspace       used 49751K, committed 50880K, reserved 1097728K
  class space    used 5301K, committed 5824K, reserved 1048576K
}
Event: 7.295 GC heap after
{Heap after GC invocations=48 (full 3):
 PSYoungGen      total 21504K, used 2855K [0x00000000eab00000, 0x00000000ec480000, 0x0000000100000000)
  eden space 18432K, 0% used [0x00000000eab00000,0x00000000eab00000,0x00000000ebd00000)
  from space 3072K, 92% used [0x00000000ec180000,0x00000000ec449d38,0x00000000ec480000)
  to   space 3584K, 0% used [0x00000000ebd80000,0x00000000ebd80000,0x00000000ec100000)
 ParOldGen       total 90112K, used 84558K [0x00000000c0000000, 0x00000000c5800000, 0x00000000eab00000)
  object space 90112K, 93% used [0x00000000c0000000,0x00000000c52938b0,0x00000000c5800000)
 Metaspace       used 49751K, committed 50880K, reserved 1097728K
  class space    used 5301K, committed 5824K, reserved 1048576K
}
Event: 7.374 GC heap before
{Heap before GC invocations=49 (full 3):
 PSYoungGen      total 21504K, used 21287K [0x00000000eab00000, 0x00000000ec480000, 0x0000000100000000)
  eden space 18432K, 100% used [0x00000000eab00000,0x00000000ebd00000,0x00000000ebd00000)
  from space 3072K, 92% used [0x00000000ec180000,0x00000000ec449d38,0x00000000ec480000)
  to   space 3584K, 0% used [0x00000000ebd80000,0x00000000ebd80000,0x00000000ec100000)
 ParOldGen       total 90112K, used 84558K [0x00000000c0000000, 0x00000000c5800000, 0x00000000eab00000)
  object space 90112K, 93% used [0x00000000c0000000,0x00000000c52938b0,0x00000000c5800000)
 Metaspace       used 49781K, committed 50944K, reserved 1097728K
  class space    used 5306K, committed 5888K, reserved 1048576K
}
Event: 7.377 GC heap after
{Heap after GC invocations=49 (full 3):
 PSYoungGen      total 21504K, used 2763K [0x00000000eab00000, 0x00000000ec300000, 0x0000000100000000)
  eden space 18432K, 0% used [0x00000000eab00000,0x00000000eab00000,0x00000000ebd00000)
  from space 3072K, 89% used [0x00000000ebd80000,0x00000000ec032d38,0x00000000ec080000)
  to   space 2560K, 0% used [0x00000000ec080000,0x00000000ec080000,0x00000000ec300000)
 ParOldGen       total 90112K, used 87298K [0x00000000c0000000, 0x00000000c5800000, 0x00000000eab00000)
  object space 90112K, 96% used [0x00000000c0000000,0x00000000c5540988,0x00000000c5800000)
 Metaspace       used 49781K, committed 50944K, reserved 1097728K
  class space    used 5306K, committed 5888K, reserved 1048576K
}
Event: 7.451 GC heap before
{Heap before GC invocations=50 (full 3):
 PSYoungGen      total 21504K, used 21195K [0x00000000eab00000, 0x00000000ec300000, 0x0000000100000000)
  eden space 18432K, 100% used [0x00000000eab00000,0x00000000ebd00000,0x00000000ebd00000)
  from space 3072K, 89% used [0x00000000ebd80000,0x00000000ec032d38,0x00000000ec080000)
  to   space 2560K, 0% used [0x00000000ec080000,0x00000000ec080000,0x00000000ec300000)
 ParOldGen       total 90112K, used 87298K [0x00000000c0000000, 0x00000000c5800000, 0x00000000eab00000)
  object space 90112K, 96% used [0x00000000c0000000,0x00000000c5540988,0x00000000c5800000)
 Metaspace       used 49956K, committed 51072K, reserved 1097728K
  class space    used 5320K, committed 5888K, reserved 1048576K
}
Event: 7.453 GC heap after
{Heap after GC invocations=50 (full 3):
 PSYoungGen      total 18432K, used 2528K [0x00000000eab00000, 0x00000000ec900000, 0x0000000100000000)
  eden space 15872K, 0% used [0x00000000eab00000,0x00000000eab00000,0x00000000eba80000)
  from space 2560K, 98% used [0x00000000ec080000,0x00000000ec2f8138,0x00000000ec300000)
  to   space 6144K, 0% used [0x00000000eba80000,0x00000000eba80000,0x00000000ec080000)
 ParOldGen       total 90112K, used 90000K [0x00000000c0000000, 0x00000000c5800000, 0x00000000eab00000)
  object space 90112K, 99% used [0x00000000c0000000,0x00000000c57e41b0,0x00000000c5800000)
 Metaspace       used 49956K, committed 51072K, reserved 1097728K
  class space    used 5320K, committed 5888K, reserved 1048576K
}
Event: 7.453 GC heap before
{Heap before GC invocations=51 (full 4):
 PSYoungGen      total 18432K, used 2528K [0x00000000eab00000, 0x00000000ec900000, 0x0000000100000000)
  eden space 15872K, 0% used [0x00000000eab00000,0x00000000eab00000,0x00000000eba80000)
  from space 2560K, 98% used [0x00000000ec080000,0x00000000ec2f8138,0x00000000ec300000)
  to   space 6144K, 0% used [0x00000000eba80000,0x00000000eba80000,0x00000000ec080000)
 ParOldGen       total 90112K, used 90000K [0x00000000c0000000, 0x00000000c5800000, 0x00000000eab00000)
  object space 90112K, 99% used [0x00000000c0000000,0x00000000c57e41b0,0x00000000c5800000)
 Metaspace       used 49956K, committed 51072K, reserved 1097728K
  class space    used 5320K, committed 5888K, reserved 1048576K
}

