# JRE version: OpenJDK Runtime Environment Temurin-17.0.4.1+1 (17.0.4.1+1) (build 17.0.4.1+1)
# Java VM: OpenJDK 64-Bit Server VM Temurin-17.0.4.1+1 (17.0.4.1+1, mixed mode, tiered, compressed oops, compressed class ptrs, parallel gc, windows-amd64)
GC Precious Log:
 CPUs: 8 total, 8 available
 Memory: 16348M
 Large Page Support: Disabled
 NUMA Support: Disabled
 Compressed Oops: Enabled (32-bit)
 Alignments: Space 512K, Generation 512K, Heap 2M
 Heap Min Capacity: 100M
 Heap Initial Capacity: 100M
 Heap Max Capacity: 1G
 Pre-touch: Disabled
 Parallel Workers: 8
Heap:
 PSYoungGen      total 6656K, used 2048K [0x00000000eab00000, 0x00000000eb500000, 0x0000000100000000)
  eden space 4608K, 0% used [0x00000000eab00000,0x00000000eab00000,0x00000000eaf80000)
  from space 2048K, 100% used [0x00000000eaf80000,0x00000000eb180000,0x00000000eb180000)
  to   space 2560K, 0% used [0x00000000eb280000,0x00000000eb280000,0x00000000eb500000)
 ParOldGen       total 220160K, used 218800K [0x00000000c0000000, 0x00000000cd700000, 0x00000000eab00000)
  object space 220160K, 99% used [0x00000000c0000000,0x00000000cd5ac2f0,0x00000000cd700000)
 Metaspace       used 67950K, committed 69184K, reserved 1114112K
  class space    used 6923K, committed 7488K, reserved 1048576K
GC Heap History (20 events):
Event: 35.310 GC heap after
{Heap after GC invocations=810 (full 21):
 PSYoungGen      total 5120K, used 1568K [0x00000000eab00000, 0x00000000eb300000, 0x0000000100000000)
  eden space 3072K, 0% used [0x00000000eab00000,0x00000000eab00000,0x00000000eae00000)
  from space 2048K, 76% used [0x00000000eb100000,0x00000000eb288000,0x00000000eb300000)
  to   space 2048K, 0% used [0x00000000eaf00000,0x00000000eaf00000,0x00000000eb100000)
 ParOldGen       total 220160K, used 201326K [0x00000000c0000000, 0x00000000cd700000, 0x00000000eab00000)
  object space 220160K, 91% used [0x00000000c0000000,0x00000000cc49b9d8,0x00000000cd700000)
 Metaspace       used 66890K, committed 68160K, reserved 1114112K
  class space    used 6829K, committed 7424K, reserved 1048576K
}
Event: 35.324 GC heap before
{Heap before GC invocations=811 (full 21):
 PSYoungGen      total 5120K, used 4640K [0x00000000eab00000, 0x00000000eb300000, 0x0000000100000000)
  eden space 3072K, 100% used [0x00000000eab00000,0x00000000eae00000,0x00000000eae00000)
  from space 2048K, 76% used [0x00000000eb100000,0x00000000eb288000,0x00000000eb300000)
  to   space 2048K, 0% used [0x00000000eaf00000,0x00000000eaf00000,0x00000000eb100000)
 ParOldGen       total 220160K, used 201326K [0x00000000c0000000, 0x00000000cd700000, 0x00000000eab00000)
  object space 220160K, 91% used [0x00000000c0000000,0x00000000cc49b9d8,0x00000000cd700000)
 Metaspace       used 66949K, committed 68224K, reserved 1114112K
  class space    used 6832K, committed 7424K, reserved 1048576K
}
Event: 35.326 GC heap after
{Heap after GC invocations=811 (full 21):
 PSYoungGen      total 6144K, used 2016K [0x00000000eab00000, 0x00000000eb400000, 0x0000000100000000)
  eden space 4096K, 0% used [0x00000000eab00000,0x00000000eab00000,0x00000000eaf00000)
  from space 2048K, 98% used [0x00000000eaf00000,0x00000000eb0f8000,0x00000000eb100000)
  to   space 2560K, 0% used [0x00000000eb180000,0x00000000eb180000,0x00000000eb400000)
 ParOldGen       total 220160K, used 202758K [0x00000000c0000000, 0x00000000cd700000, 0x00000000eab00000)
  object space 220160K, 92% used [0x00000000c0000000,0x00000000cc6019d8,0x00000000cd700000)
 Metaspace       used 66949K, committed 68224K, reserved 1114112K
  class space    used 6832K, committed 7424K, reserved 1048576K
}
Event: 35.359 GC heap before
{Heap before GC invocations=812 (full 21):
 PSYoungGen      total 6144K, used 6106K [0x00000000eab00000, 0x00000000eb400000, 0x0000000100000000)
  eden space 4096K, 99% used [0x00000000eab00000,0x00000000eaefe8c0,0x00000000eaf00000)
  from space 2048K, 98% used [0x00000000eaf00000,0x00000000eb0f8000,0x00000000eb100000)
  to   space 2560K, 0% used [0x00000000eb180000,0x00000000eb180000,0x00000000eb400000)
 ParOldGen       total 220160K, used 202758K [0x00000000c0000000, 0x00000000cd700000, 0x00000000eab00000)
  object space 220160K, 92% used [0x00000000c0000000,0x00000000cc6019d8,0x00000000cd700000)
 Metaspace       used 67099K, committed 68352K, reserved 1114112K
  class space    used 6841K, committed 7424K, reserved 1048576K
}
Event: 35.362 GC heap after
{Heap after GC invocations=812 (full 21):
 PSYoungGen      total 6656K, used 2368K [0x00000000eab00000, 0x00000000eb500000, 0x0000000100000000)
  eden space 4096K, 0% used [0x00000000eab00000,0x00000000eab00000,0x00000000eaf00000)
  from space 2560K, 92% used [0x00000000eb180000,0x00000000eb3d0000,0x00000000eb400000)
  to   space 2560K, 0% used [0x00000000eaf00000,0x00000000eaf00000,0x00000000eb180000)
 ParOldGen       total 220160K, used 204662K [0x00000000c0000000, 0x00000000cd700000, 0x00000000eab00000)
  object space 220160K, 92% used [0x00000000c0000000,0x00000000cc7dd9d8,0x00000000cd700000)
 Metaspace       used 67099K, committed 68352K, reserved 1114112K
  class space    used 6841K, committed 7424K, reserved 1048576K
}
Event: 35.374 GC heap before
{Heap before GC invocations=813 (full 21):
 PSYoungGen      total 6656K, used 6464K [0x00000000eab00000, 0x00000000eb500000, 0x0000000100000000)
  eden space 4096K, 100% used [0x00000000eab00000,0x00000000eaf00000,0x00000000eaf00000)
  from space 2560K, 92% used [0x00000000eb180000,0x00000000eb3d0000,0x00000000eb400000)
  to   space 2560K, 0% used [0x00000000eaf00000,0x00000000eaf00000,0x00000000eb180000)
 ParOldGen       total 220160K, used 204662K [0x00000000c0000000, 0x00000000cd700000, 0x00000000eab00000)
  object space 220160K, 92% used [0x00000000c0000000,0x00000000cc7dd9d8,0x00000000cd700000)
 Metaspace       used 67151K, committed 68416K, reserved 1114112K
  class space    used 6843K, committed 7424K, reserved 1048576K
}
Event: 35.377 GC heap after
{Heap after GC invocations=813 (full 21):
 PSYoungGen      total 6656K, used 2542K [0x00000000eab00000, 0x00000000ebb00000, 0x0000000100000000)
  eden space 4096K, 0% used [0x00000000eab00000,0x00000000eab00000,0x00000000eaf00000)
  from space 2560K, 99% used [0x00000000eaf00000,0x00000000eb17bb28,0x00000000eb180000)
  to   space 5632K, 0% used [0x00000000eb580000,0x00000000eb580000,0x00000000ebb00000)
 ParOldGen       total 220160K, used 206990K [0x00000000c0000000, 0x00000000cd700000, 0x00000000eab00000)
  object space 220160K, 94% used [0x00000000c0000000,0x00000000cca239d8,0x00000000cd700000)
 Metaspace       used 67151K, committed 68416K, reserved 1114112K
  class space    used 6843K, committed 7424K, reserved 1048576K
}
Event: 35.392 GC heap before
{Heap before GC invocations=814 (full 21):
 PSYoungGen      total 6656K, used 6622K [0x00000000eab00000, 0x00000000ebb00000, 0x0000000100000000)
  eden space 4096K, 99% used [0x00000000eab00000,0x00000000eaefbe60,0x00000000eaf00000)
  from space 2560K, 99% used [0x00000000eaf00000,0x00000000eb17bb28,0x00000000eb180000)
  to   space 5632K, 0% used [0x00000000eb580000,0x00000000eb580000,0x00000000ebb00000)
 ParOldGen       total 220160K, used 206990K [0x00000000c0000000, 0x00000000cd700000, 0x00000000eab00000)
  object space 220160K, 94% used [0x00000000c0000000,0x00000000cca239d8,0x00000000cd700000)
 Metaspace       used 67274K, committed 68544K, reserved 1114112K
  class space    used 6855K, committed 7488K, reserved 1048576K
}
Event: 35.395 GC heap after
{Heap after GC invocations=814 (full 21):
 PSYoungGen      total 7680K, used 2229K [0x00000000eab00000, 0x00000000eb800000, 0x0000000100000000)
  eden space 5120K, 0% used [0x00000000eab00000,0x00000000eab00000,0x00000000eb000000)
  from space 2560K, 87% used [0x00000000eb580000,0x00000000eb7ad4a8,0x00000000eb800000)
  to   space 3584K, 0% used [0x00000000eb100000,0x00000000eb100000,0x00000000eb480000)
 ParOldGen       total 220160K, used 209385K [0x00000000c0000000, 0x00000000cd700000, 0x00000000eab00000)
  object space 220160K, 95% used [0x00000000c0000000,0x00000000ccc7a7a0,0x00000000cd700000)
 Metaspace       used 67274K, committed 68544K, reserved 1114112K
  class space    used 6855K, committed 7488K, reserved 1048576K
}
Event: 35.431 GC heap before
{Heap before GC invocations=815 (full 21):
 PSYoungGen      total 7680K, used 7349K [0x00000000eab00000, 0x00000000eb800000, 0x0000000100000000)
  eden space 5120K, 100% used [0x00000000eab00000,0x00000000eb000000,0x00000000eb000000)
  from space 2560K, 87% used [0x00000000eb580000,0x00000000eb7ad4a8,0x00000000eb800000)
  to   space 3584K, 0% used [0x00000000eb100000,0x00000000eb100000,0x00000000eb480000)
 ParOldGen       total 220160K, used 209385K [0x00000000c0000000, 0x00000000cd700000, 0x00000000eab00000)
  object space 220160K, 95% used [0x00000000c0000000,0x00000000ccc7a7a0,0x00000000cd700000)
 Metaspace       used 67710K, committed 68992K, reserved 1114112K
  class space    used 6890K, committed 7488K, reserved 1048576K
}
Event: 35.434 GC heap after
{Heap after GC invocations=815 (full 21):
 PSYoungGen      total 8704K, used 2280K [0x00000000eab00000, 0x00000000eb600000, 0x0000000100000000)
  eden space 6144K, 0% used [0x00000000eab00000,0x00000000eab00000,0x00000000eb100000)
  from space 2560K, 89% used [0x00000000eb100000,0x00000000eb33a240,0x00000000eb380000)
  to   space 2560K, 0% used [0x00000000eb380000,0x00000000eb380000,0x00000000eb600000)
 ParOldGen       total 220160K, used 211479K [0x00000000c0000000, 0x00000000cd700000, 0x00000000eab00000)
  object space 220160K, 96% used [0x00000000c0000000,0x00000000cce85f08,0x00000000cd700000)
 Metaspace       used 67710K, committed 68992K, reserved 1114112K
  class space    used 6890K, committed 7488K, reserved 1048576K
}
Event: 35.450 GC heap before
{Heap before GC invocations=816 (full 21):
 PSYoungGen      total 8704K, used 8424K [0x00000000eab00000, 0x00000000eb600000, 0x0000000100000000)
  eden space 6144K, 100% used [0x00000000eab00000,0x00000000eb100000,0x00000000eb100000)
  from space 2560K, 89% used [0x00000000eb100000,0x00000000eb33a240,0x00000000eb380000)
  to   space 2560K, 0% used [0x00000000eb380000,0x00000000eb380000,0x00000000eb600000)
 ParOldGen       total 220160K, used 211479K [0x00000000c0000000, 0x00000000cd700000, 0x00000000eab00000)
  object space 220160K, 96% used [0x00000000c0000000,0x00000000cce85f08,0x00000000cd700000)
 Metaspace       used 67834K, committed 69056K, reserved 1114112K
  class space    used 6897K, committed 7488K, reserved 1048576K
}
Event: 35.453 GC heap after
{Heap after GC invocations=816 (full 21):
 PSYoungGen      total 5632K, used 2560K [0x00000000eab00000, 0x00000000ebd00000, 0x0000000100000000)
  eden space 3072K, 0% used [0x00000000eab00000,0x00000000eab00000,0x00000000eae00000)
  from space 2560K, 100% used [0x00000000eb380000,0x00000000eb600000,0x00000000eb600000)
  to   space 5632K, 0% used [0x00000000eae00000,0x00000000eae00000,0x00000000eb380000)
 ParOldGen       total 220160K, used 213645K [0x00000000c0000000, 0x00000000cd700000, 0x00000000eab00000)
  object space 220160K, 97% used [0x00000000c0000000,0x00000000cd0a36e8,0x00000000cd700000)
 Metaspace       used 67834K, committed 69056K, reserved 1114112K
  class space    used 6897K, committed 7488K, reserved 1048576K
}
Event: 35.460 GC heap before
{Heap before GC invocations=817 (full 21):
 PSYoungGen      total 5632K, used 5632K [0x00000000eab00000, 0x00000000ebd00000, 0x0000000100000000)
  eden space 3072K, 100% used [0x00000000eab00000,0x00000000eae00000,0x00000000eae00000)
  from space 2560K, 100% used [0x00000000eb380000,0x00000000eb600000,0x00000000eb600000)
  to   space 5632K, 0% used [0x00000000eae00000,0x00000000eae00000,0x00000000eb380000)
 ParOldGen       total 220160K, used 213645K [0x00000000c0000000, 0x00000000cd700000, 0x00000000eab00000)
  object space 220160K, 97% used [0x00000000c0000000,0x00000000cd0a36e8,0x00000000cd700000)
 Metaspace       used 67872K, committed 69120K, reserved 1114112K
  class space    used 6905K, committed 7488K, reserved 1048576K
}
Event: 35.463 GC heap after
{Heap after GC invocations=817 (full 21):
 PSYoungGen      total 4608K, used 1403K [0x00000000eab00000, 0x00000000eb500000, 0x0000000100000000)
  eden space 3072K, 0% used [0x00000000eab00000,0x00000000eab00000,0x00000000eae00000)
  from space 1536K, 91% used [0x00000000eae00000,0x00000000eaf5ec08,0x00000000eaf80000)
  to   space 3072K, 0% used [0x00000000eb200000,0x00000000eb200000,0x00000000eb500000)
 ParOldGen       total 220160K, used 216157K [0x00000000c0000000, 0x00000000cd700000, 0x00000000eab00000)
  object space 220160K, 98% used [0x00000000c0000000,0x00000000cd3176e8,0x00000000cd700000)
 Metaspace       used 67872K, committed 69120K, reserved 1114112K
  class space    used 6905K, committed 7488K, reserved 1048576K
}
Event: 35.473 GC heap before
{Heap before GC invocations=818 (full 21):
 PSYoungGen      total 4608K, used 4475K [0x00000000eab00000, 0x00000000eb500000, 0x0000000100000000)
  eden space 3072K, 100% used [0x00000000eab00000,0x00000000eae00000,0x00000000eae00000)
  from space 1536K, 91% used [0x00000000eae00000,0x00000000eaf5ec08,0x00000000eaf80000)
  to   space 3072K, 0% used [0x00000000eb200000,0x00000000eb200000,0x00000000eb500000)
 ParOldGen       total 220160K, used 216157K [0x00000000c0000000, 0x00000000cd700000, 0x00000000eab00000)
  object space 220160K, 98% used [0x00000000c0000000,0x00000000cd3176e8,0x00000000cd700000)
 Metaspace       used 67935K, committed 69184K, reserved 1114112K
  class space    used 6921K, committed 7488K, reserved 1048576K
}
Event: 35.475 GC heap after
{Heap after GC invocations=818 (full 21):
 PSYoungGen      total 5632K, used 1440K [0x00000000eab00000, 0x00000000eb380000, 0x0000000100000000)
  eden space 4096K, 0% used [0x00000000eab00000,0x00000000eab00000,0x00000000eaf00000)
  from space 1536K, 93% used [0x00000000eb200000,0x00000000eb368000,0x00000000eb380000)
  to   space 2048K, 0% used [0x00000000eaf80000,0x00000000eaf80000,0x00000000eb180000)
 ParOldGen       total 220160K, used 217472K [0x00000000c0000000, 0x00000000cd700000, 0x00000000eab00000)
  object space 220160K, 98% used [0x00000000c0000000,0x00000000cd4602f0,0x00000000cd700000)
 Metaspace       used 67935K, committed 69184K, reserved 1114112K
  class space    used 6921K, committed 7488K, reserved 1048576K
}
Event: 35.490 GC heap before
{Heap before GC invocations=819 (full 21):
 PSYoungGen      total 5632K, used 5536K [0x00000000eab00000, 0x00000000eb380000, 0x0000000100000000)
  eden space 4096K, 100% used [0x00000000eab00000,0x00000000eaf00000,0x00000000eaf00000)
  from space 1536K, 93% used [0x00000000eb200000,0x00000000eb368000,0x00000000eb380000)
  to   space 2048K, 0% used [0x00000000eaf80000,0x00000000eaf80000,0x00000000eb180000)
 ParOldGen       total 220160K, used 217472K [0x00000000c0000000, 0x00000000cd700000, 0x00000000eab00000)
  object space 220160K, 98% used [0x00000000c0000000,0x00000000cd4602f0,0x00000000cd700000)
 Metaspace       used 67950K, committed 69184K, reserved 1114112K
  class space    used 6923K, committed 7488K, reserved 1048576K
}
Event: 35.493 GC heap after
{Heap after GC invocations=819 (full 21):
 PSYoungGen      total 6656K, used 2048K [0x00000000eab00000, 0x00000000eb500000, 0x0000000100000000)
  eden space 4608K, 0% used [0x00000000eab00000,0x00000000eab00000,0x00000000eaf80000)
  from space 2048K, 100% used [0x00000000eaf80000,0x00000000eb180000,0x00000000eb180000)
  to   space 2560K, 0% used [0x00000000eb280000,0x00000000eb280000,0x00000000eb500000)
 ParOldGen       total 220160K, used 218800K [0x00000000c0000000, 0x00000000cd700000, 0x00000000eab00000)
  object space 220160K, 99% used [0x00000000c0000000,0x00000000cd5ac2f0,0x00000000cd700000)
 Metaspace       used 67950K, committed 69184K, reserved 1114112K
  class space    used 6923K, committed 7488K, reserved 1048576K
}
Event: 35.493 GC heap before
{Heap before GC invocations=820 (full 22):
 PSYoungGen      total 6656K, used 2048K [0x00000000eab00000, 0x00000000eb500000, 0x0000000100000000)
  eden space 4608K, 0% used [0x00000000eab00000,0x00000000eab00000,0x00000000eaf80000)
  from space 2048K, 100% used [0x00000000eaf80000,0x00000000eb180000,0x00000000eb180000)
  to   space 2560K, 0% used [0x00000000eb280000,0x00000000eb280000,0x00000000eb500000)
 ParOldGen       total 220160K, used 218800K [0x00000000c0000000, 0x00000000cd700000, 0x00000000eab00000)
  object space 220160K, 99% used [0x00000000c0000000,0x00000000cd5ac2f0,0x00000000cd700000)
 Metaspace       used 67950K, committed 69184K, reserved 1114112K
  class space    used 6923K, committed 7488K, reserved 1048576K
}

