# JRE version: OpenJDK Runtime Environment Temurin-17.0.4.1+1 (17.0.4.1+1) (build 17.0.4.1+1)
# Java VM: OpenJDK 64-Bit Server VM Temurin-17.0.4.1+1 (17.0.4.1+1, mixed mode, emulated-client, tiered, compressed oops, compressed class ptrs, g1 gc, windows-amd64)
GC Precious Log:
 CPUs: 8 total, 8 available
 Memory: 16348M
 Large Page Support: Disabled
 NUMA Support: Disabled
 Compressed Oops: Enabled (Zero based)
 Heap Region Size: 2M
 Heap Min Capacity: 8M
 Heap Initial Capacity: 256M
 Heap Max Capacity: 4088M
 Pre-touch: Disabled
 Parallel Workers: 8
 Concurrent Workers: 2
 Concurrent Refinement Workers: 8
 Periodic GC: Disabled
Heap:
 garbage-first heap   total 622592K, used 476112K [0x0000000700800000, 0x0000000800000000)
  region size 2048K, 182 young (372736K), 22 survivors (45056K)
 Metaspace       used 43969K, committed 44288K, reserved 1089536K
  class space    used 5470K, committed 5632K, reserved 1048576K
GC Heap History (20 events):
Event: 6.299 GC heap before
{Heap before GC invocations=11 (full 0):
 garbage-first heap   total 155648K, used 102483K [0x0000000700800000, 0x0000000800000000)
  region size 2048K, 31 young (63488K), 3 survivors (6144K)
 Metaspace       used 36861K, committed 37184K, reserved 1081344K
  class space    used 4775K, committed 4928K, reserved 1048576K
}
Event: 6.318 GC heap after
{Heap after GC invocations=12 (full 0):
 garbage-first heap   total 155648K, used 59925K [0x0000000700800000, 0x0000000800000000)
  region size 2048K, 4 young (8192K), 4 survivors (8192K)
 Metaspace       used 36861K, committed 37184K, reserved 1081344K
  class space    used 4775K, committed 4928K, reserved 1048576K
}
Event: 6.342 GC heap before
{Heap before GC invocations=12 (full 0):
 garbage-first heap   total 155648K, used 104981K [0x0000000700800000, 0x0000000800000000)
  region size 2048K, 27 young (55296K), 4 survivors (8192K)
 Metaspace       used 36925K, committed 37248K, reserved 1081344K
  class space    used 4783K, committed 4928K, reserved 1048576K
}
Event: 6.348 GC heap after
{Heap after GC invocations=13 (full 0):
 garbage-first heap   total 155648K, used 63244K [0x0000000700800000, 0x0000000800000000)
  region size 2048K, 2 young (4096K), 2 survivors (4096K)
 Metaspace       used 36925K, committed 37248K, reserved 1081344K
  class space    used 4783K, committed 4928K, reserved 1048576K
}
Event: 6.375 GC heap before
{Heap before GC invocations=13 (full 0):
 garbage-first heap   total 155648K, used 110348K [0x0000000700800000, 0x0000000800000000)
  region size 2048K, 27 young (55296K), 2 survivors (4096K)
 Metaspace       used 37035K, committed 37312K, reserved 1089536K
  class space    used 4788K, committed 4928K, reserved 1048576K
}
Event: 6.378 GC heap after
{Heap after GC invocations=14 (full 0):
 garbage-first heap   total 311296K, used 65043K [0x0000000700800000, 0x0000000800000000)
  region size 2048K, 3 young (6144K), 3 survivors (6144K)
 Metaspace       used 37035K, committed 37312K, reserved 1089536K
  class space    used 4788K, committed 4928K, reserved 1048576K
}
Event: 6.443 GC heap before
{Heap before GC invocations=14 (full 0):
 garbage-first heap   total 311296K, used 226835K [0x0000000700800000, 0x0000000800000000)
  region size 2048K, 83 young (169984K), 3 survivors (6144K)
 Metaspace       used 37364K, committed 37696K, reserved 1089536K
  class space    used 4831K, committed 4992K, reserved 1048576K
}
Event: 6.449 GC heap after
{Heap after GC invocations=15 (full 0):
 garbage-first heap   total 311296K, used 70958K [0x0000000700800000, 0x0000000800000000)
  region size 2048K, 5 young (10240K), 5 survivors (10240K)
 Metaspace       used 37364K, committed 37696K, reserved 1089536K
  class space    used 4831K, committed 4992K, reserved 1048576K
}
Event: 6.521 GC heap before
{Heap before GC invocations=15 (full 0):
 garbage-first heap   total 311296K, used 236846K [0x0000000700800000, 0x0000000800000000)
  region size 2048K, 87 young (178176K), 5 survivors (10240K)
 Metaspace       used 37542K, committed 37824K, reserved 1089536K
  class space    used 4846K, committed 4992K, reserved 1048576K
}
Event: 6.528 GC heap after
{Heap after GC invocations=16 (full 0):
 garbage-first heap   total 311296K, used 78736K [0x0000000700800000, 0x0000000800000000)
  region size 2048K, 9 young (18432K), 9 survivors (18432K)
 Metaspace       used 37542K, committed 37824K, reserved 1089536K
  class space    used 4846K, committed 4992K, reserved 1048576K
}
Event: 6.578 GC heap before
{Heap before GC invocations=16 (full 0):
 garbage-first heap   total 311296K, used 242576K [0x0000000700800000, 0x0000000800000000)
  region size 2048K, 90 young (184320K), 9 survivors (18432K)
 Metaspace       used 37756K, committed 38016K, reserved 1089536K
  class space    used 4862K, committed 4992K, reserved 1048576K
}
Event: 6.587 GC heap after
{Heap after GC invocations=17 (full 0):
 garbage-first heap   total 311296K, used 85474K [0x0000000700800000, 0x0000000800000000)
  region size 2048K, 8 young (16384K), 8 survivors (16384K)
 Metaspace       used 37756K, committed 38016K, reserved 1089536K
  class space    used 4862K, committed 4992K, reserved 1048576K
}
Event: 6.633 GC heap before
{Heap before GC invocations=17 (full 0):
 garbage-first heap   total 311296K, used 245218K [0x0000000700800000, 0x0000000800000000)
  region size 2048K, 87 young (178176K), 8 survivors (16384K)
 Metaspace       used 38152K, committed 38464K, reserved 1089536K
  class space    used 4875K, committed 5056K, reserved 1048576K
}
Event: 6.643 GC heap after
{Heap after GC invocations=18 (full 0):
 garbage-first heap   total 622592K, used 92779K [0x0000000700800000, 0x0000000800000000)
  region size 2048K, 8 young (16384K), 8 survivors (16384K)
 Metaspace       used 38152K, committed 38464K, reserved 1089536K
  class space    used 4875K, committed 5056K, reserved 1048576K
}
Event: 6.819 GC heap before
{Heap before GC invocations=18 (full 0):
 garbage-first heap   total 622592K, used 447083K [0x0000000700800000, 0x0000000800000000)
  region size 2048K, 182 young (372736K), 8 survivors (16384K)
 Metaspace       used 38582K, committed 38912K, reserved 1089536K
  class space    used 4904K, committed 5056K, reserved 1048576K
}
Event: 6.828 GC heap after
{Heap after GC invocations=19 (full 0):
 garbage-first heap   total 622592K, used 107097K [0x0000000700800000, 0x0000000800000000)
  region size 2048K, 15 young (30720K), 15 survivors (30720K)
 Metaspace       used 38582K, committed 38912K, reserved 1089536K
  class space    used 4904K, committed 5056K, reserved 1048576K
}
Event: 6.933 GC heap before
{Heap before GC invocations=19 (full 0):
 garbage-first heap   total 622592K, used 447065K [0x0000000700800000, 0x0000000800000000)
  region size 2048K, 182 young (372736K), 15 survivors (30720K)
 Metaspace       used 38684K, committed 38976K, reserved 1089536K
  class space    used 4913K, committed 5056K, reserved 1048576K
}
Event: 6.948 GC heap after
{Heap after GC invocations=20 (full 0):
 garbage-first heap   total 622592K, used 128006K [0x0000000700800000, 0x0000000800000000)
  region size 2048K, 22 young (45056K), 22 survivors (45056K)
 Metaspace       used 38684K, committed 38976K, reserved 1089536K
  class space    used 4913K, committed 5056K, reserved 1048576K
}
Event: 7.519 GC heap before
{Heap before GC invocations=20 (full 0):
 garbage-first heap   total 622592K, used 453638K [0x0000000700800000, 0x0000000800000000)
  region size 2048K, 182 young (372736K), 22 survivors (45056K)
 Metaspace       used 40853K, committed 41280K, reserved 1089536K
  class space    used 5120K, committed 5312K, reserved 1048576K
}
Event: 7.538 GC heap after
{Heap after GC invocations=21 (full 0):
 garbage-first heap   total 622592K, used 150480K [0x0000000700800000, 0x0000000800000000)
  region size 2048K, 22 young (45056K), 22 survivors (45056K)
 Metaspace       used 40853K, committed 41280K, reserved 1089536K
  class space    used 5120K, committed 5312K, reserved 1048576K
}

